#
# A fatal error has been detected by the Java Runtime Environment:
#
#  EXCEPTION_ACCESS_VIOLATION (0xc0000005) at pc=0x000000006de8d68b, pid=6244, tid=4032
#
# JRE version: 7.0_17-b02
# Java VM: Java HotSpot(TM) 64-Bit Server VM (23.7-b01 mixed mode windows-amd64 compressed oops)
# Problematic frame:
# V  [jvm.dll+0x11d68b]
#
# Failed to write core dump. Minidumps are not enabled by default on client versions of Windows
#
# If you would like to submit a bug report, please visit:
#   http://bugreport.sun.com/bugreport/crash.jsp
#

---------------  T H R E A D  ---------------

Current thread (0x000000000dc1e000):  JavaThread "JDWP Transport Listener: dt_socket" daemon [_thread_in_vm, id=4032, stack(0x000000000e9f0000,0x000000000eaf0000)]

siginfo: ExceptionCode=0xc0000005, reading address 0x00003b003b747369

Registers:
RAX=0x000000000eaef601, RBX=0x000000000dc1e000, RCX=0x00003b003b747369, RDX=0x000000000dc1e000
RSP=0x000000000eaef630, RBP=0x00003b003b747369, RSI=0x000000000eaef748, RDI=0x0000000000378b00
R8 =0x000000000eaef748, R9 =0x656855560023001c, R10=0x0000000000000000, R11=0x000000000eaef959
R12=0x0000000000000000, R13=0x0000000000000000, R14=0x0000000000000000, R15=0x0000000000000000
RIP=0x000000006de8d68b, EFLAGS=0x0000000000010206

Top of Stack: (sp=0x000000000eaef630)
0x000000000eaef630:   000000000dc1e000 0000000001fe4530
0x000000000eaef640:   000000000eaef6f8 000000006e013f99
0x000000000eaef650:   000000000dc1e000 000000006e02f962
0x000000000eaef660:   0000000000000000 000000000dc1e000
0x000000000eaef670:   000000000bac2778 000000006cf9264e
0x000000000eaef680:   000000000dc1e000 0000000000000000
0x000000000eaef690:   0000000000000000 0000000000000000
0x000000000eaef6a0:   00003b003b747369 000000006cf91745
0x000000000eaef6b0:   000000000eaef748 000000000eaef720
0x000000000eaef6c0:   0000000000000001 000000000bac2778
0x000000000eaef6d0:   00003b003b747369 000000006cf753b3
0x000000000eaef6e0:   000000000eaef810 0000000000000001
0x000000000eaef6f0:   0000000000000001 000000000bac2778
0x000000000eaef700:   000000000000000a 0000000000000000
0x000000000eaef710:   0000000000000000 0000000000000000
0x000000000eaef720:   0000000000000001 000000006cf75571 

Instructions: (pc=0x000000006de8d68b)
0x000000006de8d66b:   48 8b 5c 24 30 48 89 47 18 48 83 c4 20 5f c3 cc
0x000000006de8d67b:   cc cc cc cc cc 40 53 48 83 ec 20 48 85 c9 74 54
0x000000006de8d68b:   48 8b 19 48 85 db 74 4c 48 b8 fe fe fe fe fe fe
0x000000006de8d69b:   fe fe 48 3b d8 74 3d 80 3d 6f e6 58 00 00 74 15 


Register to memory mapping:

RAX=0x000000000eaef601 is pointing into the stack for thread: 0x000000000dc1e000
RBX=0x000000000dc1e000 is a thread
RCX=0x00003b003b747369 is an unknown value
RDX=0x000000000dc1e000 is a thread
RSP=0x000000000eaef630 is pointing into the stack for thread: 0x000000000dc1e000
RBP=0x00003b003b747369 is an unknown value
RSI=0x000000000eaef748 is pointing into the stack for thread: 0x000000000dc1e000
RDI=0x0000000000378b00 is an unknown value
R8 =0x000000000eaef748 is pointing into the stack for thread: 0x000000000dc1e000
R9 =0x656855560023001c is an unknown value
R10=0x0000000000000000 is an unknown value
R11=0x000000000eaef959 is pointing into the stack for thread: 0x000000000dc1e000
R12=0x0000000000000000 is an unknown value
R13=0x0000000000000000 is an unknown value
R14=0x0000000000000000 is an unknown value
R15=0x0000000000000000 is an unknown value


Stack: [0x000000000e9f0000,0x000000000eaf0000],  sp=0x000000000eaef630,  free space=1021k
Native frames: (J=compiled Java code, j=interpreted, Vv=VM code, C=native code)
V  [jvm.dll+0x11d68b]


---------------  P R O C E S S  ---------------

Java Threads: ( => current thread )
  0x000000000dc38800 JavaThread "Service Thread" daemon [_thread_blocked, id=7120, stack(0x000000000f200000,0x000000000f300000)]
  0x000000000dc37800 JavaThread "C2 CompilerThread1" daemon [_thread_blocked, id=5236, stack(0x000000000efb0000,0x000000000f0b0000)]
  0x000000000dc34000 JavaThread "C2 CompilerThread0" daemon [_thread_blocked, id=3020, stack(0x000000000edb0000,0x000000000eeb0000)]
  0x000000000dc24800 JavaThread "JDWP Command Reader" daemon [_thread_in_native, id=3504, stack(0x000000000ebe0000,0x000000000ece0000)]
  0x000000000dc23800 JavaThread "JDWP Event Helper Thread" daemon [_thread_blocked, id=7824, stack(0x000000000e7a0000,0x000000000e8a0000)]
=>0x000000000dc1e000 JavaThread "JDWP Transport Listener: dt_socket" daemon [_thread_in_vm, id=4032, stack(0x000000000e9f0000,0x000000000eaf0000)]
  0x000000000dc0b000 JavaThread "Attach Listener" daemon [_thread_blocked, id=3000, stack(0x000000000e050000,0x000000000e150000)]
  0x000000000dc0a000 JavaThread "Signal Dispatcher" daemon [_thread_blocked, id=5920, stack(0x000000000d7b0000,0x000000000d8b0000)]
  0x000000000bac9800 JavaThread "Finalizer" daemon [_thread_blocked, id=3236, stack(0x000000000dac0000,0x000000000dbc0000)]
  0x000000000bac1800 JavaThread "Reference Handler" daemon [_thread_blocked, id=6336, stack(0x000000000d8e0000,0x000000000d9e0000)]
  0x000000000037e800 JavaThread "main" [_thread_blocked, id=7632, stack(0x0000000002130000,0x0000000002230000)]

Other Threads:
  0x000000000bab6000 VMThread [stack: 0x000000000d6a0000,0x000000000d7a0000] [id=6836]
  0x000000000dc53000 WatcherThread [stack: 0x000000000f3b0000,0x000000000f4b0000] [id=240]

VM state:not at safepoint (normal execution)

VM Mutex/Monitor currently owned by a thread: None

Heap
 PSYoungGen      total 37952K, used 1303K [0x00000007d5ab0000, 0x00000007d8500000, 0x0000000800000000)
  eden space 32576K, 4% used [0x00000007d5ab0000,0x00000007d5bf5ca8,0x00000007d7a80000)
  from space 5376K, 0% used [0x00000007d7fc0000,0x00000007d7fc0000,0x00000007d8500000)
  to   space 5376K, 0% used [0x00000007d7a80000,0x00000007d7a80000,0x00000007d7fc0000)
 ParOldGen       total 86656K, used 0K [0x0000000781000000, 0x00000007864a0000, 0x00000007d5ab0000)
  object space 86656K, 0% used [0x0000000781000000,0x0000000781000000,0x00000007864a0000)
 PSPermGen       total 21248K, used 2424K [0x000000077be00000, 0x000000077d2c0000, 0x0000000781000000)
  object space 21248K, 11% used [0x000000077be00000,0x000000077c05e020,0x000000077d2c0000)

Card table byte_map: [0x0000000005230000,0x0000000005660000] byte_map_base: 0x0000000001651000

Polling page: 0x0000000000120000

Code Cache  [0x0000000002230000, 0x00000000024a0000, 0x0000000005230000)
 total_blobs=154 nmethods=0 adapters=129 free_code_cache=48779Kb largest_free_block=49949568

Compilation events (0 events):
No events

GC Heap History (0 events):
No events

Deoptimization events (0 events):
No events

Internal exceptions (2 events):
Event: 0.032 Thread 0x000000000037e800 Threw 0x00000007d5ab61a8 at C:\jdk7u2_64p\jdk7u17\hotspot\src\share\vm\prims\jni.cpp:3994
Event: 0.142 Thread 0x000000000037e800 Threw 0x00000007d5afdc10 at C:\jdk7u2_64p\jdk7u17\hotspot\src\share\vm\prims\jvm.cpp:1166

Events (10 events):
Event: 59.539 Executing VM operation: GetOrSetLocal
Event: 59.539 Executing VM operation: GetOrSetLocal done
Event: 59.539 Executing VM operation: GetOrSetLocal
Event: 59.539 Executing VM operation: GetOrSetLocal done
Event: 59.539 Executing VM operation: GetOrSetLocal
Event: 59.540 Executing VM operation: GetOrSetLocal done
Event: 59.540 Executing VM operation: GetOrSetLocal
Event: 59.540 Executing VM operation: GetOrSetLocal done
Event: 60.677 Executing VM operation: RedefineClasses
Event: 60.677 Executing VM operation: RedefineClasses done


Dynamic libraries:
0x000000013fbc0000 - 0x000000013fbf3000 	C:\Program Files\Java\jre7\bin\javaw.exe
0x0000000076d20000 - 0x0000000076ec9000 	C:\Windows\SYSTEM32\ntdll.dll
0x0000000076c00000 - 0x0000000076d1f000 	C:\Windows\system32\kernel32.dll
0x000007fefce30000 - 0x000007fefce9c000 	C:\Windows\system32\KERNELBASE.dll
0x000007fefd0d0000 - 0x000007fefd1ab000 	C:\Windows\system32\ADVAPI32.dll
0x000007fefd3f0000 - 0x000007fefd48f000 	C:\Windows\system32\msvcrt.dll
0x000007fefd0b0000 - 0x000007fefd0cf000 	C:\Windows\SYSTEM32\sechost.dll
0x000007fefe290000 - 0x000007fefe3bd000 	C:\Windows\system32\RPCRT4.dll
0x0000000076b00000 - 0x0000000076bfa000 	C:\Windows\system32\USER32.dll
0x000007fefd490000 - 0x000007fefd4f7000 	C:\Windows\system32\GDI32.dll
0x000007fefd1b0000 - 0x000007fefd1be000 	C:\Windows\system32\LPK.dll
0x000007fefe9b0000 - 0x000007fefea79000 	C:\Windows\system32\USP10.dll
0x000007fefa240000 - 0x000007fefa434000 	C:\Windows\WinSxS\amd64_microsoft.windows.common-controls_6595b64144ccf1df_6.0.7601.17514_none_fa396087175ac9ac\COMCTL32.dll
0x000007fefea80000 - 0x000007fefeaf1000 	C:\Windows\system32\SHLWAPI.dll
0x000007fefd1c0000 - 0x000007fefd1ee000 	C:\Windows\system32\IMM32.DLL
0x000007fefeb00000 - 0x000007fefec09000 	C:\Windows\system32\MSCTF.dll
0x00000000793d0000 - 0x00000000794a1000 	C:\Program Files\Java\jre7\bin\msvcr100.dll
0x000000006dd70000 - 0x000000006e48f000 	C:\Program Files\Java\jre7\bin\server\jvm.dll
0x000007fef70a0000 - 0x000007fef70a9000 	C:\Windows\system32\WSOCK32.dll
0x000007fefe900000 - 0x000007fefe94d000 	C:\Windows\system32\WS2_32.dll
0x000007fefee40000 - 0x000007fefee48000 	C:\Windows\system32\NSI.dll
0x000007fef70b0000 - 0x000007fef70eb000 	C:\Windows\system32\WINMM.dll
0x0000000076ef0000 - 0x0000000076ef7000 	C:\Windows\system32\PSAPI.DLL
0x000000006e530000 - 0x000000006e53f000 	C:\Program Files\Java\jre7\bin\verify.dll
0x000000006cca0000 - 0x000000006ccc8000 	C:\Program Files\Java\jre7\bin\java.dll
0x000000006cf70000 - 0x000000006cfa5000 	C:\Program Files\Java\jre7\bin\jdwp.dll
0x0000000000340000 - 0x0000000000348000 	C:\Program Files\Java\jre7\bin\npt.dll
0x00000000003a0000 - 0x00000000003b5000 	C:\Program Files\Java\jre7\bin\zip.dll
0x000000006c7f0000 - 0x000000006c7f9000 	C:\Program Files\Java\jre7\bin\dt_socket.dll
0x000007fef95a0000 - 0x000007fef95b5000 	C:\Windows\system32\NLAapi.dll
0x000007fef6f80000 - 0x000007fef6f95000 	C:\Windows\system32\napinsp.dll
0x000007fef6f60000 - 0x000007fef6f79000 	C:\Windows\system32\pnrpnsp.dll
0x000007fefc330000 - 0x000007fefc385000 	C:\Windows\System32\mswsock.dll
0x000007fefc1b0000 - 0x000007fefc20b000 	C:\Windows\system32\DNSAPI.dll
0x000007fef6f50000 - 0x000007fef6f5b000 	C:\Windows\System32\winrnr.dll
0x000007fef7820000 - 0x000007fef784f000 	C:\Program Files\Common Files\Microsoft Shared\Windows Live\WLIDNSP.DLL
0x000007fef6ed0000 - 0x000007fef6ee0000 	C:\Windows\system32\wshbth.dll
0x000007fef8a30000 - 0x000007fef8a57000 	C:\Windows\system32\IPHLPAPI.DLL
0x000007fef8a20000 - 0x000007fef8a2b000 	C:\Windows\system32\WINNSI.DLL
0x000007fef88b0000 - 0x000007fef8903000 	C:\Windows\System32\fwpuclnt.dll
0x000007fef7810000 - 0x000007fef7818000 	C:\Windows\system32\rasadhlp.dll
0x000007fefbca0000 - 0x000007fefbca7000 	C:\Windows\System32\wshtcpip.dll
0x000007fef9320000 - 0x000007fef9445000 	C:\Windows\system32\dbghelp.dll

VM Arguments:
jvm_args: -agentlib:jdwp=transport=dt_socket,suspend=y,address=localhost:51748 -Dfile.encoding=Cp1252 
java_command: AngryChildren
Launcher Type: SUN_STANDARD

Environment Variables:
JAVA_HOME=C:\Program Files\Java\jdk1.7.0_17
PATH=C:\Program Files (x86)\iis express\PHP\v5.3;C:\Program Files (x86)\Google\Chrome\Application;C:\Program Files\Common Files\Microsoft Shared\Windows Live;C:\Program Files (x86)\Common Files\Microsoft Shared\Windows Live;C:\Windows\system32;C:\Windows;C:\Windows\System32\Wbem;C:\Windows\System32\WindowsPowerShell\v1.0\;c:\Program Files (x86)\Microsoft SQL Server\100\Tools\Binn\;c:\Program Files\Microsoft SQL Server\100\Tools\Binn\;c:\Program Files\Microsoft SQL Server\100\DTS\Binn\;C:\Program Files (x86)\Lenovo\Access Connections\;C:\wamp\bin\mysql\mysql5.1.53\bin;C:\Program Files\Java\jre6\bin;C:\Program Files\TortoiseGit\bin;C:\Program Files (x86)\Windows Live\Shared;C:\Program Files\SlikSvn\bin;C:\Program Files\Microsoft\Web Platform Installer\;C:\Program Files (x86)\Microsoft ASP.NET\ASP.NET Web Pages\v1.0\;C:\Program Files (x86)\Windows Kits\8.0\Windows Performance Toolkit\;C:\Program Files\Microsoft SQL Server\110\Tools\Binn\;C:\Program Files\TortoiseSVN\bin;;C:\Windows\System32\WindowsPowerShell\v1.0\;C:\Windows\System32\WindowsPowerShell\v1.0\
USERNAME=MWiswas
OS=Windows_NT
PROCESSOR_IDENTIFIER=Intel64 Family 6 Model 30 Stepping 5, GenuineIntel



---------------  S Y S T E M  ---------------

OS: Windows 7 , 64 bit Build 7601 Service Pack 1

CPU:total 8 (4 cores per cpu, 2 threads per core) family 6 model 30 stepping 5, cmov, cx8, fxsr, mmx, sse, sse2, sse3, ssse3, sse4.1, sse4.2, popcnt, ht, tsc, tscinvbit

Memory: 4k page, physical 8318480k(3431592k free), swap 16635096k(10522180k free)

vm_info: Java HotSpot(TM) 64-Bit Server VM (23.7-b01) for windows-amd64 JRE (1.7.0_17-b02), built on Mar  1 2013 03:38:30 by "java_re" with unknown MS VC++:1600

time: Wed Aug 06 13:51:28 2014
elapsed time: 60 seconds

